2024-01-02 00:29:46 +0000   20620 execution.flow     INFO     Start executing nodes in thread pool mode.
2024-01-02 00:29:46 +0000   20620 execution.flow     INFO     Start to run 10 nodes with concurrency level 16.
2024-01-02 00:29:46 +0000   20620 execution.flow     INFO     Executing node input_ner. node run id: 1cfc1201-be39-46ab-992c-599da24a322b_input_ner_0
2024-01-02 00:29:46 +0000   20620 execution.flow     INFO     Node input_ner completes.
2024-01-02 00:29:46 +0000   20620 execution.flow     INFO     Executing node question_embeddings. node run id: 1cfc1201-be39-46ab-992c-599da24a322b_question_embeddings_0
2024-01-02 00:29:46 +0000   20620 execution.flow     INFO     Executing node airport_extractor. node run id: 1cfc1201-be39-46ab-992c-599da24a322b_airport_extractor_0
2024-01-02 00:29:46 +0000   20620 execution.flow     INFO     Executing node icao_parser. node run id: 1cfc1201-be39-46ab-992c-599da24a322b_icao_parser_0
2024-01-02 00:29:46 +0000   20620 execution.flow     INFO     Executing node embeddings_parser. node run id: 1cfc1201-be39-46ab-992c-599da24a322b_embeddings_parser_0
2024-01-02 00:29:46 +0000   20620 execution.flow     INFO     Node airport_extractor completes.
2024-01-02 00:29:46 +0000   20620 execution.flow     INFO     Node icao_parser completes.
2024-01-02 00:29:46 +0000   20620 execution.flow     INFO     Executing node nearest_airports_finder. node run id: 1cfc1201-be39-46ab-992c-599da24a322b_nearest_airports_finder_0
2024-01-02 00:29:46 +0000   20620 execution.flow     INFO     Node nearest_airports_finder completes.
2024-01-02 00:29:46 +0000   20620 execution.flow     INFO     Node embeddings_parser completes.
2024-01-02 00:29:47 +0000   20620 execution.flow     INFO     Node question_embeddings completes.
2024-01-02 00:29:47 +0000   20620 execution.flow     INFO     Executing node retrieve_docs. node run id: 1cfc1201-be39-46ab-992c-599da24a322b_retrieve_docs_0
2024-01-02 00:29:48 +0000   20620 execution.flow     INFO     Node retrieve_docs completes.
2024-01-02 00:29:48 +0000   20620 execution.flow     INFO     Executing node airport_filter_relevant. node run id: 1cfc1201-be39-46ab-992c-599da24a322b_airport_filter_relevant_0
2024-01-02 00:29:48 +0000   20620 execution.flow     INFO     Node airport_filter_relevant completes.
2024-01-02 00:29:48 +0000   20620 execution.flow     INFO     Executing node user_prompt. node run id: 1cfc1201-be39-46ab-992c-599da24a322b_user_prompt_0
2024-01-02 00:29:48 +0000   20620 execution.flow     INFO     Node user_prompt completes.
2024-01-02 00:29:48 +0000   20620 execution.flow     INFO     Executing node chat_large_context. node run id: 1cfc1201-be39-46ab-992c-599da24a322b_chat_large_context_0
2024-01-02 00:29:49 +0000   20620 execution.flow     WARNING  Failed to calculate metrics due to exception: Calculating metrics for model notams-chunked is not supported..
2024-01-02 00:29:49 +0000   20620 execution.flow     WARNING  Output of chat_large_context is not json serializable, use str to store it.
2024-01-02 00:29:49 +0000   20620 execution.flow     INFO     Node chat_large_context completes.
